{
  "level": "info",
  "method": "POST",
  "path": "/api/v1/products/",
  "ip": "::1",
  "query": "",
  "user_agent": "PostmanRuntime/7.49.0",
  "referer": "http://localhost:8080/api/v1/products",
  "proto": "HTTP/1.1",
  "host": "localhost:8080",
  "remote_addr": "::1",
  "request_uri": "/api/v1/products/",
  "content_length": 696,
  "headers": {
    "Accept": [
      "*/*"
    ],
    "Accept-Encoding": [
      "gzip, deflate, br"
    ],
    "Connection": [
      "keep-alive"
    ],
    "Content-Length": [
      "696"
    ],
    "Content-Type": [
      "application/json"
    ],
    "Postman-Token": [
      "a61abd57-4135-4603-8cdd-631ff5c293c6"
    ],
    "Referer": [
      "http://localhost:8080/api/v1/products"
    ],
    "User-Agent": [
      "PostmanRuntime/7.49.0"
    ],
    "X-Api-Key": [
      "9585e448-1c9c-4fb8-a14c-cb4aaa853d4c"
    ]
  },
  "request_body": {
    "display": false,
    "name": "Golang",
    "price": 100000,
    "product_attribute": [
      {
        "attribute_name": "color",
        "attribute_value": "yellow"
      },
      {
        "attribute_name": "size",
        "attribute_value": "L"
      }
    ],
    "product_image": {
      "image_link": "hinh golang.png",
      "image_name": "hinh golang"
    },
    "product_info": {
      "c4c9b240-455b-4dc2-a9a7-f7bcf7d47a32": {
        "info_key": "sell",
        "info_value": "discount"
      }
    },
    "product_metadata": {
      "key01": "a",
      "key02": 1
    },
    "tags": [
      "a",
      "b",
      "c",
      "d"
    ]
  },
  "status": 200,
  "response_body": {
    "display": false,
    "message": "Create product (V1)",
    "name": "Golang",
    "price": 100000,
    "product_attribute": [
      {
        "attribute_name": "color",
        "attribute_value": "yellow"
      },
      {
        "attribute_name": "size",
        "attribute_value": "L"
      }
    ],
    "product_image": {
      "image_link": "hinh golang.png",
      "image_name": "hinh golang"
    },
    "product_info": {
      "c4c9b240-455b-4dc2-a9a7-f7bcf7d47a32": {
        "info_key": "sell",
        "info_value": "discount"
      }
    },
    "product_metadata": {
      "key01": "a",
      "key02": 1
    },
    "tags": [
      "a",
      "b",
      "c",
      "d"
    ]
  },
  "duration_ms": 8,
  "time": "2025-10-22T10:05:52+07:00",
  "message": "HTTP request log"
}
{
  "level": "info",
  "method": "GET",
  "path": "/api/v1/categories/php",
  "ip": "::1",
  "query": "",
  "user_agent": "PostmanRuntime/7.49.0",
  "referer": "",
  "proto": "HTTP/1.1",
  "host": "localhost:8080",
  "remote_addr": "::1",
  "request_uri": "/api/v1/categories/php",
  "content_length": 20,
  "headers": {
    "Accept": [
      "*/*"
    ],
    "Accept-Encoding": [
      "gzip, deflate, br"
    ],
    "Connection": [
      "keep-alive"
    ],
    "Content-Length": [
      "20"
    ],
    "Content-Type": [
      "application/x-www-form-urlencoded"
    ],
    "Postman-Token": [
      "79dd0f64-2a88-4f97-9fce-f0d65299aa58"
    ],
    "User-Agent": [
      "PostmanRuntime/7.49.0"
    ],
    "X-Api-Key": [
      "9585e448-1c9c-4fb8-a14c-cb4aaa853d4c"
    ]
  },
  "request_body": {
    "name": "Golang",
    "status": "1"
  },
  "status": 200,
  "response_body": {
    "data": "php",
    "message": "Get product by category (V1)"
  },
  "duration_ms": 0,
  "time": "2025-10-22T10:06:37+07:00",
  "message": "HTTP request log"
}
{
  "level": "info",
  "method": "POST",
  "path": "/api/v1/news/",
  "ip": "::1",
  "query": "",
  "user_agent": "PostmanRuntime/7.49.0",
  "referer": "http://localhost:8080/api/v1/news",
  "proto": "HTTP/1.1",
  "host": "localhost:8080",
  "remote_addr": "::1",
  "request_uri": "/api/v1/news/",
  "content_length": 62916,
  "headers": {
    "Accept": [
      "*/*"
    ],
    "Accept-Encoding": [
      "gzip, deflate, br"
    ],
    "Connection": [
      "keep-alive"
    ],
    "Content-Length": [
      "62916"
    ],
    "Content-Type": [
      "multipart/form-data; boundary=--------------------------118700487507492419676738"
    ],
    "Postman-Token": [
      "77977b14-0248-4f8b-9918-58a76020704d"
    ],
    "Referer": [
      "http://localhost:8080/api/v1/news"
    ],
    "User-Agent": [
      "PostmanRuntime/7.49.0"
    ],
    "X-Api-Key": [
      "9585e448-1c9c-4fb8-a14c-cb4aaa853d4c"
    ]
  },
  "request_body": {
    "form_files": [
      {
        "content_type": "image/png",
        "field": "image",
        "filename": "logo.png",
        "size": "4.88 KB"
      },
      {
        "content_type": "image/png",
        "field": "image",
        "filename": "Frame 18.png",
        "size": "30.56 KB"
      },
      {
        "content_type": "image/png",
        "field": "image",
        "filename": "Frame 20.png",
        "size": "25.27 KB"
      }
    ],
    "status": "1",
    "title": "Khoá học lập trình Golang"
  },
  "status": 201,
  "response_body": {
    "image": "./uploads/logo.png",
    "message": "Post news (V1)",
    "status": "1",
    "title": "Khoá học lập trình Golang"
  },
  "duration_ms": 10,
  "time": "2025-10-22T10:07:57+07:00",
  "message": "HTTP request log"
}
{
  "level": "warn",
  "method": "GET",
  "path": "/uploads/logo.png",
  "ip": "::1",
  "query": "",
  "user_agent": "PostmanRuntime/7.49.0",
  "referer": "",
  "proto": "HTTP/1.1",
  "host": "localhost:8080",
  "remote_addr": "::1",
  "request_uri": "/uploads/logo.png",
  "content_length": 0,
  "headers": {
    "Accept": [
      "*/*"
    ],
    "Accept-Encoding": [
      "gzip, deflate, br"
    ],
    "Connection": [
      "keep-alive"
    ],
    "Postman-Token": [
      "b9b1f064-5457-49f4-95eb-e2d05a50fcfa"
    ],
    "User-Agent": [
      "PostmanRuntime/7.49.0"
    ]
  },
  "request_body": {},
  "status": 400,
  "response_body": {
    "error": "Missing X-Api-Key"
  },
  "duration_ms": 0,
  "time": "2025-10-22T10:10:27+07:00",
  "message": "HTTP request log"
}
{
  "level": "warn",
  "method": "GET",
  "path": "/uploads/logo.png",
  "ip": "::1",
  "query": "",
  "user_agent": "PostmanRuntime/7.49.0",
  "referer": "",
  "proto": "HTTP/1.1",
  "host": "localhost:8080",
  "remote_addr": "::1",
  "request_uri": "/uploads/logo.png",
  "content_length": 0,
  "headers": {
    "Accept": [
      "*/*"
    ],
    "Accept-Encoding": [
      "gzip, deflate, br"
    ],
    "Connection": [
      "keep-alive"
    ],
    "Postman-Token": [
      "854465b6-d01f-41d2-b6f4-88c7f9f3995b"
    ],
    "User-Agent": [
      "PostmanRuntime/7.49.0"
    ],
    "X-Api-Key": [
      "9585e448-1c9c-4fb8-a14c-cb4aaa853d4c"
    ]
  },
  "request_body": {},
  "status": 404,
  "response_body": "",
  "duration_ms": 0,
  "time": "2025-10-22T10:11:12+07:00",
  "message": "HTTP request log"
}
{
  "level": "info",
  "method": "GET",
  "path": "/images/logo.png",
  "ip": "::1",
  "query": "",
  "user_agent": "PostmanRuntime/7.49.0",
  "referer": "",
  "proto": "HTTP/1.1",
  "host": "localhost:8080",
  "remote_addr": "::1",
  "request_uri": "/images/logo.png",
  "content_length": 0,
  "headers": {
    "Accept": [
      "*/*"
    ],
    "Accept-Encoding": [
      "gzip, deflate, br"
    ],
    "Connection": [
      "keep-alive"
    ],
    "Postman-Token": [
      "881f8588-e53b-4dc8-92e9-74b348b22099"
    ],
    "User-Agent": [
      "PostmanRuntime/7.49.0"
    ],
    "X-Api-Key": [
      "9585e448-1c9c-4fb8-a14c-cb4aaa853d4c"
    ]
  },
  "request_body": {},
  "status": 200,
  "response_body": "[BINARY DATA]",
  "duration_ms": 6,
  "time": "2025-10-22T10:11:55+07:00",
  "message": "HTTP request log"
}
